<?xml version="1.0" encoding="utf-8"?>
<coverage line-rate="1" branch-rate="1" version="1.9" timestamp="1618572170" lines-covered="3" lines-valid="3" branches-covered="0" branches-valid="0">
  <sources>
    <source>/</source>
  </sources>
  <packages>
    <package name="BusinnesLogic" line-rate="1" branch-rate="1" complexity="1">
      <classes>
        <class name="BusinnesLogic.Services.ToBeTested" filename="Users/nocino/Documents/GitHub/Xamarin.TravelCostsReport/Xamarin.TravelCostsReport/BusinnesLogic/BusinnesLogic/Services/ToBeTested.cs" line-rate="1" branch-rate="1" complexity="1">
          <methods>
            <method name="Concat" signature="(System.String,System.String)" line-rate="1" branch-rate="1" complexity="1">
              <lines>
                <line number="6" hits="3" branch="False" />
                <line number="7" hits="3" branch="False" />
                <line number="8" hits="3" branch="False" />
              </lines>
            </method>
          </methods>
          <lines>
            <line number="6" hits="3" branch="False" />
            <line number="7" hits="3" branch="False" />
            <line number="8" hits="3" branch="False" />
          </lines>
        </class>
      </classes>
    </package>
  </packages>
</coverage>